[2026-06-03 01:04:07] local.INFO: Application key generated successfully during deployment.  
[2026-06-03 01:04:07] local.ERROR: SQLSTATE[HY000] [2002] Connection refused (Connection: mysql, SQL: select * from `integration_handlers` where (`code` = fraud_provider) limit 1) {"exception":"[object] (Illuminate\\Database\\QueryException(code: 2002): SQLSTATE[HY000] [2002] Connection refused (Connection: mysql, SQL: select * from `integration_handlers` where (`code` = fraud_provider) limit 1) at /Users/macbook/Documents/digikash-20/codecanyon-58275561-digikash-secure-payments-advanced-merchant-gateway/core-v2.0/vendor/laravel/framework/src/Illuminate/Database/Connection.php:825)
[stacktrace]
#0 /Users/macbook/Documents/digikash-20/codecanyon-58275561-digikash-secure-payments-advanced-merchant-gateway/core-v2.0/vendor/laravel/framework/src/Illuminate/Database/Connection.php(979): Illuminate\\Database\\Connection->runQueryCallback('select * from `...', Array, Object(Closure))
#1 /Users/macbook/Documents/digikash-20/codecanyon-58275561-digikash-secure-payments-advanced-merchant-gateway/core-v2.0/vendor/laravel/framework/src/Illuminate/Database/Connection.php(958): Illuminate\\Database\\Connection->tryAgainIfCausedByLostConnection(Object(Illuminate\\Database\\QueryException), 'select * from `...', Array, Object(Closure))
#2 /Users/macbook/Documents/digikash-20/codecanyon-58275561-digikash-secure-payments-advanced-merchant-gateway/core-v2.0/vendor/laravel/framework/src/Illuminate/Database/Connection.php(781): Illuminate\\Database\\Connection->handleQueryException(Object(Illuminate\\Database\\QueryException), 'select * from `...', Array, Object(Closure))
#3 /Users/macbook/Documents/digikash-20/codecanyon-58275561-digikash-secure-payments-advanced-merchant-gateway/core-v2.0/vendor/laravel/framework/src/Illuminate/Database/Connection.php(398): Illuminate\\Database\\Connection->run('select * from `...', Array, Object(Closure))
#4 /Users/macbook/Documents/digikash-20/codecanyon-58275561-digikash-secure-payments-advanced-merchant-gateway/core-v2.0/vendor/laravel/framework/src/Illuminate/Database/Query/Builder.php(3106): Illuminate\\Database\\Connection->select('select * from `...', Array, true)
#5 /Users/macbook/Documents/digikash-20/codecanyon-58275561-digikash-secure-payments-advanced-merchant-gateway/core-v2.0/vendor/laravel/framework/src/Illuminate/Database/Query/Builder.php(3091): Illuminate\\Database\\Query\\Builder->runSelect()
#6 /Users/macbook/Documents/digikash-20/codecanyon-58275561-digikash-secure-payments-advanced-merchant-gateway/core-v2.0/vendor/laravel/framework/src/Illuminate/Database/Query/Builder.php(3676): Illuminate\\Database\\Query\\Builder->{closure:Illuminate\\Database\\Query\\Builder::get():3090}()
#7 /Users/macbook/Documents/digikash-20/codecanyon-58275561-digikash-secure-payments-advanced-merchant-gateway/core-v2.0/vendor/laravel/framework/src/Illuminate/Database/Query/Builder.php(3090): Illuminate\\Database\\Query\\Builder->onceWithColumns(Array, Object(Closure))
#8 /Users/macbook/Documents/digikash-20/codecanyon-58275561-digikash-secure-payments-advanced-merchant-gateway/core-v2.0/vendor/laravel/framework/src/Illuminate/Database/Eloquent/Builder.php(811): Illuminate\\Database\\Query\\Builder->get(Array)
#9 /Users/macbook/Documents/digikash-20/codecanyon-58275561-digikash-secure-payments-advanced-merchant-gateway/core-v2.0/vendor/laravel/framework/src/Illuminate/Database/Eloquent/Builder.php(793): Illuminate\\Database\\Eloquent\\Builder->getModels(Array)
#10 /Users/macbook/Documents/digikash-20/codecanyon-58275561-digikash-secure-payments-advanced-merchant-gateway/core-v2.0/vendor/laravel/framework/src/Illuminate/Database/Concerns/BuildsQueries.php(343): Illuminate\\Database\\Eloquent\\Builder->get(Array)
#11 /Users/macbook/Documents/digikash-20/codecanyon-58275561-digikash-secure-payments-advanced-merchant-gateway/core-v2.0/vendor/laravel/framework/src/Illuminate/Database/Eloquent/Builder.php(617): Illuminate\\Database\\Eloquent\\Builder->first()
#12 /Users/macbook/Documents/digikash-20/codecanyon-58275561-digikash-secure-payments-advanced-merchant-gateway/core-v2.0/app/Providers/IntegrationServiceProvider.php(46): Illuminate\\Database\\Eloquent\\Builder->firstOrCreate(Array, Array)
#13 /Users/macbook/Documents/digikash-20/codecanyon-58275561-digikash-secure-payments-advanced-merchant-gateway/core-v2.0/vendor/laravel/framework/src/Illuminate/Container/BoundMethod.php(36): App\\Providers\\IntegrationServiceProvider->boot()
#14 /Users/macbook/Documents/digikash-20/codecanyon-58275561-digikash-secure-payments-advanced-merchant-gateway/core-v2.0/vendor/laravel/framework/src/Illuminate/Container/Util.php(43): Illuminate\\Container\\BoundMethod::{closure:Illuminate\\Container\\BoundMethod::call():35}()
#15 /Users/macbook/Documents/digikash-20/codecanyon-58275561-digikash-secure-payments-advanced-merchant-gateway/core-v2.0/vendor/laravel/framework/src/Illuminate/Container/BoundMethod.php(95): Illuminate\\Container\\Util::unwrapIfClosure(Object(Closure))
#16 /Users/macbook/Documents/digikash-20/codecanyon-58275561-digikash-secure-payments-advanced-merchant-gateway/core-v2.0/vendor/laravel/framework/src/Illuminate/Container/BoundMethod.php(35): Illuminate\\Container\\BoundMethod::callBoundMethod(Object(Illuminate\\Foundation\\Application), Array, Object(Closure))
#17 /Users/macbook/Documents/digikash-20/codecanyon-58275561-digikash-secure-payments-advanced-merchant-gateway/core-v2.0/vendor/laravel/framework/src/Illuminate/Container/Container.php(696): Illuminate\\Container\\BoundMethod::call(Object(Illuminate\\Foundation\\Application), Array, Array, NULL)
#18 /Users/macbook/Documents/digikash-20/codecanyon-58275561-digikash-secure-payments-advanced-merchant-gateway/core-v2.0/vendor/laravel/framework/src/Illuminate/Foundation/Application.php(1151): Illuminate\\Container\\Container->call(Array)
#19 /Users/macbook/Documents/digikash-20/codecanyon-58275561-digikash-secure-payments-advanced-merchant-gateway/core-v2.0/vendor/laravel/framework/src/Illuminate/Foundation/Application.php(1132): Illuminate\\Foundation\\Application->bootProvider(Object(App\\Providers\\IntegrationServiceProvider))
#20 [internal function]: Illuminate\\Foundation\\Application->{closure:Illuminate\\Foundation\\Application::boot():1131}(Object(App\\Providers\\IntegrationServiceProvider), 'App\\\\Providers\\\\I...')
#21 /Users/macbook/Documents/digikash-20/codecanyon-58275561-digikash-secure-payments-advanced-merchant-gateway/core-v2.0/vendor/laravel/framework/src/Illuminate/Foundation/Application.php(1131): array_walk(Array, Object(Closure))
#22 /Users/macbook/Documents/digikash-20/codecanyon-58275561-digikash-secure-payments-advanced-merchant-gateway/core-v2.0/vendor/laravel/framework/src/Illuminate/Foundation/Bootstrap/BootProviders.php(17): Illuminate\\Foundation\\Application->boot()
#23 /Users/macbook/Documents/digikash-20/codecanyon-58275561-digikash-secure-payments-advanced-merchant-gateway/core-v2.0/vendor/laravel/framework/src/Illuminate/Foundation/Application.php(342): Illuminate\\Foundation\\Bootstrap\\BootProviders->bootstrap(Object(Illuminate\\Foundation\\Application))
#24 /Users/macbook/Documents/digikash-20/codecanyon-58275561-digikash-secure-payments-advanced-merchant-gateway/core-v2.0/vendor/laravel/framework/src/Illuminate/Foundation/Console/Kernel.php(474): Illuminate\\Foundation\\Application->bootstrapWith(Array)
#25 /Users/macbook/Documents/digikash-20/codecanyon-58275561-digikash-secure-payments-advanced-merchant-gateway/core-v2.0/vendor/laravel/framework/src/Illuminate/Foundation/Console/Kernel.php(196): Illuminate\\Foundation\\Console\\Kernel->bootstrap()
#26 /Users/macbook/Documents/digikash-20/codecanyon-58275561-digikash-secure-payments-advanced-merchant-gateway/core-v2.0/vendor/laravel/framework/src/Illuminate/Foundation/Application.php(1235): Illuminate\\Foundation\\Console\\Kernel->handle(Object(Symfony\\Component\\Console\\Input\\ArgvInput), Object(Symfony\\Component\\Console\\Output\\ConsoleOutput))
#27 /Users/macbook/Documents/digikash-20/codecanyon-58275561-digikash-secure-payments-advanced-merchant-gateway/core-v2.0/artisan(13): Illuminate\\Foundation\\Application->handleCommand(Object(Symfony\\Component\\Console\\Input\\ArgvInput))
#28 {main}

[previous exception] [object] (PDOException(code: 2002): SQLSTATE[HY000] [2002] Connection refused at /Users/macbook/Documents/digikash-20/codecanyon-58275561-digikash-secure-payments-advanced-merchant-gateway/core-v2.0/vendor/laravel/framework/src/Illuminate/Database/Connectors/Connector.php:67)
[stacktrace]
#0 /Users/macbook/Documents/digikash-20/codecanyon-58275561-digikash-secure-payments-advanced-merchant-gateway/core-v2.0/vendor/laravel/framework/src/Illuminate/Database/Connectors/Connector.php(67): PDO::connect('mysql:host=127....', 'root', Object(SensitiveParameterValue), Array)
#1 /Users/macbook/Documents/digikash-20/codecanyon-58275561-digikash-secure-payments-advanced-merchant-gateway/core-v2.0/vendor/laravel/framework/src/Illuminate/Database/Connectors/Connector.php(85): Illuminate\\Database\\Connectors\\Connector->createPdoConnection('mysql:host=127....', 'root', Object(SensitiveParameterValue), Array)
#2 /Users/macbook/Documents/digikash-20/codecanyon-58275561-digikash-secure-payments-advanced-merchant-gateway/core-v2.0/vendor/laravel/framework/src/Illuminate/Database/Connectors/Connector.php(48): Illuminate\\Database\\Connectors\\Connector->tryAgainIfCausedByLostConnection(Object(PDOException), 'mysql:host=127....', 'root', Object(SensitiveParameterValue), Array)
#3 /Users/macbook/Documents/digikash-20/codecanyon-58275561-digikash-secure-payments-advanced-merchant-gateway/core-v2.0/vendor/laravel/framework/src/Illuminate/Database/Connectors/MySqlConnector.php(24): Illuminate\\Database\\Connectors\\Connector->createConnection('mysql:host=127....', Array, Array)
#4 /Users/macbook/Documents/digikash-20/codecanyon-58275561-digikash-secure-payments-advanced-merchant-gateway/core-v2.0/vendor/laravel/framework/src/Illuminate/Database/Connectors/ConnectionFactory.php(185): Illuminate\\Database\\Connectors\\MySqlConnector->connect(Array)
#5 [internal function]: Illuminate\\Database\\Connectors\\ConnectionFactory->{closure:Illuminate\\Database\\Connectors\\ConnectionFactory::createPdoResolverWithHosts():180}()
#6 /Users/macbook/Documents/digikash-20/codecanyon-58275561-digikash-secure-payments-advanced-merchant-gateway/core-v2.0/vendor/laravel/framework/src/Illuminate/Database/Connection.php(1231): call_user_func(Object(Closure))
#7 /Users/macbook/Documents/digikash-20/codecanyon-58275561-digikash-secure-payments-advanced-merchant-gateway/core-v2.0/vendor/laravel/framework/src/Illuminate/Database/Connection.php(1267): Illuminate\\Database\\Connection->getPdo()
#8 /Users/macbook/Documents/digikash-20/codecanyon-58275561-digikash-secure-payments-advanced-merchant-gateway/core-v2.0/vendor/laravel/framework/src/Illuminate/Database/Connection.php(512): Illuminate\\Database\\Connection->getReadPdo()
#9 /Users/macbook/Documents/digikash-20/codecanyon-58275561-digikash-secure-payments-advanced-merchant-gateway/core-v2.0/vendor/laravel/framework/src/Illuminate/Database/Connection.php(407): Illuminate\\Database\\Connection->getPdoForSelect(true)
#10 /Users/macbook/Documents/digikash-20/codecanyon-58275561-digikash-secure-payments-advanced-merchant-gateway/core-v2.0/vendor/laravel/framework/src/Illuminate/Database/Connection.php(812): Illuminate\\Database\\Connection->{closure:Illuminate\\Database\\Connection::select():398}('select * from `...', Array)
#11 /Users/macbook/Documents/digikash-20/codecanyon-58275561-digikash-secure-payments-advanced-merchant-gateway/core-v2.0/vendor/laravel/framework/src/Illuminate/Database/Connection.php(979): Illuminate\\Database\\Connection->runQueryCallback('select * from `...', Array, Object(Closure))
#12 /Users/macbook/Documents/digikash-20/codecanyon-58275561-digikash-secure-payments-advanced-merchant-gateway/core-v2.0/vendor/laravel/framework/src/Illuminate/Database/Connection.php(958): Illuminate\\Database\\Connection->tryAgainIfCausedByLostConnection(Object(Illuminate\\Database\\QueryException), 'select * from `...', Array, Object(Closure))
#13 /Users/macbook/Documents/digikash-20/codecanyon-58275561-digikash-secure-payments-advanced-merchant-gateway/core-v2.0/vendor/laravel/framework/src/Illuminate/Database/Connection.php(781): Illuminate\\Database\\Connection->handleQueryException(Object(Illuminate\\Database\\QueryException), 'select * from `...', Array, Object(Closure))
#14 /Users/macbook/Documents/digikash-20/codecanyon-58275561-digikash-secure-payments-advanced-merchant-gateway/core-v2.0/vendor/laravel/framework/src/Illuminate/Database/Connection.php(398): Illuminate\\Database\\Connection->run('select * from `...', Array, Object(Closure))
#15 /Users/macbook/Documents/digikash-20/codecanyon-58275561-digikash-secure-payments-advanced-merchant-gateway/core-v2.0/vendor/laravel/framework/src/Illuminate/Database/Query/Builder.php(3106): Illuminate\\Database\\Connection->select('select * from `...', Array, true)
#16 /Users/macbook/Documents/digikash-20/codecanyon-58275561-digikash-secure-payments-advanced-merchant-gateway/core-v2.0/vendor/laravel/framework/src/Illuminate/Database/Query/Builder.php(3091): Illuminate\\Database\\Query\\Builder->runSelect()
#17 /Users/macbook/Documents/digikash-20/codecanyon-58275561-digikash-secure-payments-advanced-merchant-gateway/core-v2.0/vendor/laravel/framework/src/Illuminate/Database/Query/Builder.php(3676): Illuminate\\Database\\Query\\Builder->{closure:Illuminate\\Database\\Query\\Builder::get():3090}()
#18 /Users/macbook/Documents/digikash-20/codecanyon-58275561-digikash-secure-payments-advanced-merchant-gateway/core-v2.0/vendor/laravel/framework/src/Illuminate/Database/Query/Builder.php(3090): Illuminate\\Database\\Query\\Builder->onceWithColumns(Array, Object(Closure))
#19 /Users/macbook/Documents/digikash-20/codecanyon-58275561-digikash-secure-payments-advanced-merchant-gateway/core-v2.0/vendor/laravel/framework/src/Illuminate/Database/Eloquent/Builder.php(811): Illuminate\\Database\\Query\\Builder->get(Array)
#20 /Users/macbook/Documents/digikash-20/codecanyon-58275561-digikash-secure-payments-advanced-merchant-gateway/core-v2.0/vendor/laravel/framework/src/Illuminate/Database/Eloquent/Builder.php(793): Illuminate\\Database\\Eloquent\\Builder->getModels(Array)
#21 /Users/macbook/Documents/digikash-20/codecanyon-58275561-digikash-secure-payments-advanced-merchant-gateway/core-v2.0/vendor/laravel/framework/src/Illuminate/Database/Concerns/BuildsQueries.php(343): Illuminate\\Database\\Eloquent\\Builder->get(Array)
#22 /Users/macbook/Documents/digikash-20/codecanyon-58275561-digikash-secure-payments-advanced-merchant-gateway/core-v2.0/vendor/laravel/framework/src/Illuminate/Database/Eloquent/Builder.php(617): Illuminate\\Database\\Eloquent\\Builder->first()
#23 /Users/macbook/Documents/digikash-20/codecanyon-58275561-digikash-secure-payments-advanced-merchant-gateway/core-v2.0/app/Providers/IntegrationServiceProvider.php(46): Illuminate\\Database\\Eloquent\\Builder->firstOrCreate(Array, Array)
#24 /Users/macbook/Documents/digikash-20/codecanyon-58275561-digikash-secure-payments-advanced-merchant-gateway/core-v2.0/vendor/laravel/framework/src/Illuminate/Container/BoundMethod.php(36): App\\Providers\\IntegrationServiceProvider->boot()
#25 /Users/macbook/Documents/digikash-20/codecanyon-58275561-digikash-secure-payments-advanced-merchant-gateway/core-v2.0/vendor/laravel/framework/src/Illuminate/Container/Util.php(43): Illuminate\\Container\\BoundMethod::{closure:Illuminate\\Container\\BoundMethod::call():35}()
#26 /Users/macbook/Documents/digikash-20/codecanyon-58275561-digikash-secure-payments-advanced-merchant-gateway/core-v2.0/vendor/laravel/framework/src/Illuminate/Container/BoundMethod.php(95): Illuminate\\Container\\Util::unwrapIfClosure(Object(Closure))
#27 /Users/macbook/Documents/digikash-20/codecanyon-58275561-digikash-secure-payments-advanced-merchant-gateway/core-v2.0/vendor/laravel/framework/src/Illuminate/Container/BoundMethod.php(35): Illuminate\\Container\\BoundMethod::callBoundMethod(Object(Illuminate\\Foundation\\Application), Array, Object(Closure))
#28 /Users/macbook/Documents/digikash-20/codecanyon-58275561-digikash-secure-payments-advanced-merchant-gateway/core-v2.0/vendor/laravel/framework/src/Illuminate/Container/Container.php(696): Illuminate\\Container\\BoundMethod::call(Object(Illuminate\\Foundation\\Application), Array, Array, NULL)
#29 /Users/macbook/Documents/digikash-20/codecanyon-58275561-digikash-secure-payments-advanced-merchant-gateway/core-v2.0/vendor/laravel/framework/src/Illuminate/Foundation/Application.php(1151): Illuminate\\Container\\Container->call(Array)
#30 /Users/macbook/Documents/digikash-20/codecanyon-58275561-digikash-secure-payments-advanced-merchant-gateway/core-v2.0/vendor/laravel/framework/src/Illuminate/Foundation/Application.php(1132): Illuminate\\Foundation\\Application->bootProvider(Object(App\\Providers\\IntegrationServiceProvider))
#31 [internal function]: Illuminate\\Foundation\\Application->{closure:Illuminate\\Foundation\\Application::boot():1131}(Object(App\\Providers\\IntegrationServiceProvider), 'App\\\\Providers\\\\I...')
#32 /Users/macbook/Documents/digikash-20/codecanyon-58275561-digikash-secure-payments-advanced-merchant-gateway/core-v2.0/vendor/laravel/framework/src/Illuminate/Foundation/Application.php(1131): array_walk(Array, Object(Closure))
#33 /Users/macbook/Documents/digikash-20/codecanyon-58275561-digikash-secure-payments-advanced-merchant-gateway/core-v2.0/vendor/laravel/framework/src/Illuminate/Foundation/Bootstrap/BootProviders.php(17): Illuminate\\Foundation\\Application->boot()
#34 /Users/macbook/Documents/digikash-20/codecanyon-58275561-digikash-secure-payments-advanced-merchant-gateway/core-v2.0/vendor/laravel/framework/src/Illuminate/Foundation/Application.php(342): Illuminate\\Foundation\\Bootstrap\\BootProviders->bootstrap(Object(Illuminate\\Foundation\\Application))
#35 /Users/macbook/Documents/digikash-20/codecanyon-58275561-digikash-secure-payments-advanced-merchant-gateway/core-v2.0/vendor/laravel/framework/src/Illuminate/Foundation/Console/Kernel.php(474): Illuminate\\Foundation\\Application->bootstrapWith(Array)
#36 /Users/macbook/Documents/digikash-20/codecanyon-58275561-digikash-secure-payments-advanced-merchant-gateway/core-v2.0/vendor/laravel/framework/src/Illuminate/Foundation/Console/Kernel.php(196): Illuminate\\Foundation\\Console\\Kernel->bootstrap()
#37 /Users/macbook/Documents/digikash-20/codecanyon-58275561-digikash-secure-payments-advanced-merchant-gateway/core-v2.0/vendor/laravel/framework/src/Illuminate/Foundation/Application.php(1235): Illuminate\\Foundation\\Console\\Kernel->handle(Object(Symfony\\Component\\Console\\Input\\ArgvInput), Object(Symfony\\Component\\Console\\Output\\ConsoleOutput))
#38 /Users/macbook/Documents/digikash-20/codecanyon-58275561-digikash-secure-payments-advanced-merchant-gateway/core-v2.0/artisan(13): Illuminate\\Foundation\\Application->handleCommand(Object(Symfony\\Component\\Console\\Input\\ArgvInput))
#39 {main}
"} 
[2026-06-03 01:04:21] local.INFO: Starting creation of default referral content with English and Spanish support  
[2026-06-03 01:04:21] local.INFO: Successfully created default referral content with English and Spanish support  
